<?xml version="1.0" encoding="UTF-8"?>
<!-- Generated by org.testng.reporters.JUnitXMLReporter -->
<testsuite ignored="0" hostname="DESKTOP-AIR8I1F" failures="0" tests="5" name="Default test" time="143.348" errors="0" timestamp="2020-11-22T12:01:53 IST">
  <testcase classname="TestRunner.RunTest" name="assert_product" time="44.911"/>
  <testcase classname="TestRunner.RunTest" name="assertionofblouseitems" time="19.725"/>
  <testcase classname="TestRunner.RunTest" name="click_on_women_tab" time="19.13"/>
  <testcase classname="TestRunner.RunTest" name="launchwebsite" time="24.971"/>
  <testcase classname="TestRunner.RunTest" name="verify_tabs_text" time="13.167"/>
</testsuite> <!-- Default test -->
