<?xml version="1.0" encoding="UTF-8"?>
<!-- Generated by org.testng.reporters.JUnitXMLReporter -->
<testsuite ignored="0" hostname="DESKTOP-AIR8I1F" failures="0" tests="3" name="Test" time="36.561" errors="0" timestamp="2020-10-28T14:30:09 IST">
  <testcase classname="TestRunner.RunTest" name="three" time="0.009"/>
  <testcase classname="TestRunner.RunTest" name="launchwebsite" time="10.713"/>
  <testcase classname="TestRunner.RunTest" name="verify_tabs_text" time="11.371"/>
</testsuite> <!-- Test -->
