<?xml version="1.0" encoding="UTF-8"?>
<testsuite xmlns:xsi="http://www.w3.org/2001/XMLSchema-instance" xsi:noNamespaceSchemaLocation="https://maven.apache.org/surefire/maven-surefire-plugin/xsd/surefire-test-report.xsd" name="TestSuite" time="40.232" tests="3" errors="0" skipped="0" failures="1">
  <properties>
[...]
</properties>
  <testcase name="three" classname="TestRunner.RunTest" time="0.006"/>
  <testcase name="launchwebsite" classname="TestRunner.RunTest" time="13.45"/>
  <testcase name="verify_tabs_text" classname="TestRunner.RunTest" time="11.219">
    <failure message="expected [WOMENx] but found [WOMEN]" type="java.lang.AssertionError">java.lang.AssertionError: expected [WOMENx] but found [WOMEN]
	at TestRunner.RunTest.verify_tabs_text(RunTest.java:36)
</failure>
    <system-out><![CDATA[3
]]></system-out>
    <system-err><![CDATA[Starting ChromeDriver 85.0.4183.87 (cd6713ebf92fa1cacc0f1a598df280093af0c5d7-refs/branch-heads/4183@{#1689}) on port 5096
Only local connections are allowed.
Please see https://chromedriver.chromium.org/security-considerations for suggestions on keeping ChromeDriver safe.
ChromeDriver was started successfully.
[1604767678.333][WARNING]: This version of ChromeDriver has not been tested with Chrome version 86.
Nov 07, 2020 10:18:00 PM org.openqa.selenium.remote.ProtocolHandshake createSession
INFO: Detected dialect: W3C
]]></system-err>
  </testcase>
</testsuite>