<?xml version="1.0" encoding="UTF-8"?>
<testng-results ignored="0" total="3" passed="2" failed="1" skipped="0">
  <reporter-output>
  </reporter-output>
  <suite started-at="2020-11-12T19:07:45 IST" name="Suite" finished-at="2020-11-12T19:10:17 IST" duration-ms="152102">
    <groups>
    </groups>
    <test started-at="2020-11-12T19:07:45 IST" name="Test" finished-at="2020-11-12T19:10:17 IST" duration-ms="152102">
      <class name="TestRunner.RunTest">
        <test-method is-config="true" signature="setExtentReport()[pri:0, instance:TestRunner.RunTest@63475ace]" started-at="2020-11-12T19:07:45 IST" name="setExtentReport" finished-at="2020-11-12T19:07:45 IST" duration-ms="122" status="PASS">
          <reporter-output>
          </reporter-output>
        </test-method> <!-- setExtentReport -->
        <test-method is-config="true" signature="lunchbrowser()[pri:0, instance:TestRunner.RunTest@63475ace]" started-at="2020-11-12T19:07:45 IST" name="lunchbrowser" finished-at="2020-11-12T19:07:49 IST" duration-ms="3968" status="PASS">
          <reporter-output>
          </reporter-output>
        </test-method> <!-- lunchbrowser -->
        <test-method signature="three()[pri:0, instance:TestRunner.RunTest@63475ace]" started-at="2020-11-12T19:07:49 IST" name="three" finished-at="2020-11-12T19:07:49 IST" duration-ms="4" status="PASS">
          <reporter-output>
          </reporter-output>
        </test-method> <!-- three -->
        <test-method is-config="true" signature="tear(org.testng.ITestResult)[pri:0, instance:TestRunner.RunTest@63475ace]" started-at="2020-11-12T19:07:49 IST" name="tear" finished-at="2020-11-12T19:07:49 IST" duration-ms="621" status="PASS">
          <params>
            <param index="0">
              <value>
                <![CDATA[[TestResult name=three status=SUCCESS method=RunTest.three()[pri:0, instance:TestRunner.RunTest@63475ace] output={null}]]]>
              </value>
            </param>
          </params>
          <reporter-output>
          </reporter-output>
        </test-method> <!-- tear -->
        <test-method is-config="true" signature="lunchbrowser()[pri:0, instance:TestRunner.RunTest@63475ace]" started-at="2020-11-12T19:07:49 IST" name="lunchbrowser" finished-at="2020-11-12T19:07:53 IST" duration-ms="3136" status="PASS">
          <reporter-output>
          </reporter-output>
        </test-method> <!-- lunchbrowser -->
        <test-method signature="launchwebsite()[pri:1, instance:TestRunner.RunTest@63475ace]" started-at="2020-11-12T19:07:53 IST" name="launchwebsite" finished-at="2020-11-12T19:08:11 IST" duration-ms="18078" status="PASS">
          <reporter-output>
          </reporter-output>
        </test-method> <!-- launchwebsite -->
        <test-method is-config="true" signature="tear(org.testng.ITestResult)[pri:0, instance:TestRunner.RunTest@63475ace]" started-at="2020-11-12T19:08:11 IST" name="tear" finished-at="2020-11-12T19:08:11 IST" duration-ms="614" status="PASS">
          <params>
            <param index="0">
              <value>
                <![CDATA[[TestResult name=launchwebsite status=SUCCESS method=RunTest.launchwebsite()[pri:1, instance:TestRunner.RunTest@63475ace] output={null}]]]>
              </value>
            </param>
          </params>
          <reporter-output>
          </reporter-output>
        </test-method> <!-- tear -->
        <test-method is-config="true" signature="lunchbrowser()[pri:0, instance:TestRunner.RunTest@63475ace]" started-at="2020-11-12T19:08:11 IST" name="lunchbrowser" finished-at="2020-11-12T19:08:14 IST" duration-ms="3088" status="PASS">
          <reporter-output>
          </reporter-output>
        </test-method> <!-- lunchbrowser -->
        <test-method signature="verify_tabs_text()[pri:2, instance:TestRunner.RunTest@63475ace]" started-at="2020-11-12T19:08:14 IST" name="verify_tabs_text" finished-at="2020-11-12T19:10:15 IST" duration-ms="120338" status="FAIL">
          <exception class="java.lang.AssertionError">
            <message>
              <![CDATA[expected [WOMENx] but found [WOMEN]]]>
            </message>
            <full-stacktrace>
              <![CDATA[java.lang.AssertionError: expected [WOMENx] but found [WOMEN]
at org.testng.Assert.fail(Assert.java:97)
at org.testng.Assert.assertEqualsImpl(Assert.java:136)
at org.testng.Assert.assertEquals(Assert.java:118)
at org.testng.Assert.assertEquals(Assert.java:575)
at org.testng.Assert.assertEquals(Assert.java:585)
at TestRunner.RunTest.verify_tabs_text(RunTest.java:36)
at java.base/jdk.internal.reflect.NativeMethodAccessorImpl.invoke0(Native Method)
at java.base/jdk.internal.reflect.NativeMethodAccessorImpl.invoke(NativeMethodAccessorImpl.java:62)
at java.base/jdk.internal.reflect.DelegatingMethodAccessorImpl.invoke(DelegatingMethodAccessorImpl.java:43)
at java.base/java.lang.reflect.Method.invoke(Method.java:566)
at org.testng.internal.MethodInvocationHelper.invokeMethod(MethodInvocationHelper.java:134)
at org.testng.internal.TestInvoker.invokeMethod(TestInvoker.java:597)
at org.testng.internal.TestInvoker.invokeTestMethod(TestInvoker.java:173)
at org.testng.internal.MethodRunner.runInSequence(MethodRunner.java:46)
at org.testng.internal.TestInvoker$MethodInvocationAgent.invoke(TestInvoker.java:816)
at org.testng.internal.TestInvoker.invokeTestMethods(TestInvoker.java:146)
at org.testng.internal.TestMethodWorker.invokeTestMethods(TestMethodWorker.java:146)
at org.testng.internal.TestMethodWorker.run(TestMethodWorker.java:128)
at java.base/java.util.ArrayList.forEach(ArrayList.java:1541)
at org.testng.TestRunner.privateRun(TestRunner.java:766)
at org.testng.TestRunner.run(TestRunner.java:587)
at org.testng.SuiteRunner.runTest(SuiteRunner.java:384)
at org.testng.SuiteRunner.runSequentially(SuiteRunner.java:378)
at org.testng.SuiteRunner.privateRun(SuiteRunner.java:337)
at org.testng.SuiteRunner.run(SuiteRunner.java:286)
at org.testng.SuiteRunnerWorker.runSuite(SuiteRunnerWorker.java:53)
at org.testng.SuiteRunnerWorker.run(SuiteRunnerWorker.java:96)
at org.testng.TestNG.runSuitesSequentially(TestNG.java:1187)
at org.testng.TestNG.runSuitesLocally(TestNG.java:1109)
at org.testng.TestNG.runSuites(TestNG.java:1039)
at org.testng.TestNG.run(TestNG.java:1007)
at org.apache.maven.surefire.testng.TestNGExecutor.run(TestNGExecutor.java:283)
at org.apache.maven.surefire.testng.TestNGXmlTestSuite.execute(TestNGXmlTestSuite.java:75)
at org.apache.maven.surefire.testng.TestNGProvider.invoke(TestNGProvider.java:120)
at org.apache.maven.surefire.booter.ForkedBooter.invokeProviderInSameClassLoader(ForkedBooter.java:384)
at org.apache.maven.surefire.booter.ForkedBooter.runSuitesInProcess(ForkedBooter.java:345)
at org.apache.maven.surefire.booter.ForkedBooter.execute(ForkedBooter.java:126)
at org.apache.maven.surefire.booter.ForkedBooter.main(ForkedBooter.java:418)
]]>
            </full-stacktrace>
          </exception> <!-- java.lang.AssertionError -->
          <reporter-output>
          </reporter-output>
        </test-method> <!-- verify_tabs_text -->
        <test-method is-config="true" signature="tear(org.testng.ITestResult)[pri:0, instance:TestRunner.RunTest@63475ace]" started-at="2020-11-12T19:10:15 IST" name="tear" finished-at="2020-11-12T19:10:16 IST" duration-ms="1558" status="PASS">
          <params>
            <param index="0">
              <value>
                <![CDATA[[TestResult name=verify_tabs_text status=FAILURE method=RunTest.verify_tabs_text()[pri:2, instance:TestRunner.RunTest@63475ace] output={null}]]]>
              </value>
            </param>
          </params>
          <reporter-output>
          </reporter-output>
        </test-method> <!-- tear -->
        <test-method is-config="true" signature="endTest()[pri:0, instance:TestRunner.RunTest@63475ace]" started-at="2020-11-12T19:10:16 IST" name="endTest" finished-at="2020-11-12T19:10:17 IST" duration-ms="537" status="PASS">
          <reporter-output>
          </reporter-output>
        </test-method> <!-- endTest -->
      </class> <!-- TestRunner.RunTest -->
    </test> <!-- Test -->
  </suite> <!-- Suite -->
</testng-results>
