-------------------------------------------------------------------------------
Test set: TestSuite
-------------------------------------------------------------------------------
Tests run: 3, Failures: 1, Errors: 0, Skipped: 0, Time elapsed: 40.232 s <<< FAILURE! - in TestSuite
verify_tabs_text(TestRunner.RunTest)  Time elapsed: 11.219 s  <<< FAILURE!
java.lang.AssertionError: expected [WOMENx] but found [WOMEN]
	at TestRunner.RunTest.verify_tabs_text(RunTest.java:36)

