<?xml version="1.0" encoding="UTF-8"?>
<testng-results ignored="0" total="2" passed="2" failed="0" skipped="0">
  <reporter-output>
  </reporter-output>
  <suite started-at="2020-10-27T09:53:20 IST" name="Suite" finished-at="2020-10-27T09:53:52 IST" duration-ms="31328">
    <groups>
    </groups>
    <test started-at="2020-10-27T09:53:20 IST" name="Test" finished-at="2020-10-27T09:53:52 IST" duration-ms="31328">
      <class name="TestRunner.RunTest">
        <test-method is-config="true" signature="setExtentReport()[pri:0, instance:TestRunner.RunTest@32910148]" started-at="2020-10-27T09:53:20 IST" name="setExtentReport" finished-at="2020-10-27T09:53:20 IST" duration-ms="151" status="PASS">
          <reporter-output>
          </reporter-output>
        </test-method> <!-- setExtentReport -->
        <test-method is-config="true" signature="lunchbrowser()[pri:0, instance:TestRunner.RunTest@32910148]" started-at="2020-10-27T09:53:20 IST" name="lunchbrowser" finished-at="2020-10-27T09:53:25 IST" duration-ms="4111" status="PASS">
          <reporter-output>
          </reporter-output>
        </test-method> <!-- lunchbrowser -->
        <test-method signature="launchwebsite()[pri:1, instance:TestRunner.RunTest@32910148]" started-at="2020-10-27T09:53:25 IST" name="launchwebsite" finished-at="2020-10-27T09:53:36 IST" duration-ms="11058" status="PASS">
          <reporter-output>
          </reporter-output>
        </test-method> <!-- launchwebsite -->
        <test-method is-config="true" signature="tear(org.testng.ITestResult)[pri:0, instance:TestRunner.RunTest@32910148]" started-at="2020-10-27T09:53:36 IST" name="tear" finished-at="2020-10-27T09:53:36 IST" duration-ms="622" status="PASS">
          <params>
            <param index="0">
              <value>
                <![CDATA[[TestResult name=launchwebsite status=SUCCESS method=RunTest.launchwebsite()[pri:1, instance:TestRunner.RunTest@32910148] output={null}]]]>
              </value>
            </param>
          </params>
          <reporter-output>
          </reporter-output>
        </test-method> <!-- tear -->
        <test-method is-config="true" signature="lunchbrowser()[pri:0, instance:TestRunner.RunTest@32910148]" started-at="2020-10-27T09:53:36 IST" name="lunchbrowser" finished-at="2020-10-27T09:53:39 IST" duration-ms="3219" status="PASS">
          <reporter-output>
          </reporter-output>
        </test-method> <!-- lunchbrowser -->
        <test-method signature="verify_tabs_text()[pri:2, instance:TestRunner.RunTest@32910148]" started-at="2020-10-27T09:53:39 IST" name="verify_tabs_text" finished-at="2020-10-27T09:53:51 IST" duration-ms="11279" status="PASS">
          <reporter-output>
          </reporter-output>
        </test-method> <!-- verify_tabs_text -->
        <test-method is-config="true" signature="tear(org.testng.ITestResult)[pri:0, instance:TestRunner.RunTest@32910148]" started-at="2020-10-27T09:53:51 IST" name="tear" finished-at="2020-10-27T09:53:51 IST" duration-ms="634" status="PASS">
          <params>
            <param index="0">
              <value>
                <![CDATA[[TestResult name=verify_tabs_text status=SUCCESS method=RunTest.verify_tabs_text()[pri:2, instance:TestRunner.RunTest@32910148] output={null}]]]>
              </value>
            </param>
          </params>
          <reporter-output>
          </reporter-output>
        </test-method> <!-- tear -->
        <test-method is-config="true" signature="endTest()[pri:0, instance:TestRunner.RunTest@32910148]" started-at="2020-10-27T09:53:51 IST" name="endTest" finished-at="2020-10-27T09:53:52 IST" duration-ms="221" status="PASS">
          <reporter-output>
          </reporter-output>
        </test-method> <!-- endTest -->
      </class> <!-- TestRunner.RunTest -->
    </test> <!-- Test -->
  </suite> <!-- Suite -->
</testng-results>
