<?xml version="1.0" encoding="UTF-8"?>
<testng-results ignored="0" total="5" passed="5" failed="0" skipped="0">
  <reporter-output>
  </reporter-output>
  <suite started-at="2020-11-22T11:59:29 IST" name="Default suite" finished-at="2020-11-22T12:01:53 IST" duration-ms="143348">
    <groups>
    </groups>
    <test started-at="2020-11-22T11:59:29 IST" name="Default test" finished-at="2020-11-22T12:01:53 IST" duration-ms="143348">
      <class name="TestRunner.RunTest">
        <test-method is-config="true" signature="setExtentReport()[pri:0, instance:TestRunner.RunTest@65b3f4a4]" started-at="2020-11-22T11:59:29 IST" name="setExtentReport" finished-at="2020-11-22T11:59:29 IST" duration-ms="180" status="PASS">
          <reporter-output>
          </reporter-output>
        </test-method> <!-- setExtentReport -->
        <test-method is-config="true" signature="lunchbrowser()[pri:0, instance:TestRunner.RunTest@65b3f4a4]" started-at="2020-11-22T11:59:29 IST" name="lunchbrowser" finished-at="2020-11-22T11:59:33 IST" duration-ms="4045" status="PASS">
          <reporter-output>
          </reporter-output>
        </test-method> <!-- lunchbrowser -->
        <test-method signature="assert_product()[pri:0, instance:TestRunner.RunTest@65b3f4a4]" started-at="2020-11-22T11:59:33 IST" name="assert_product" finished-at="2020-11-22T12:00:18 IST" duration-ms="44911" status="PASS">
          <reporter-output>
          </reporter-output>
        </test-method> <!-- assert_product -->
        <test-method is-config="true" signature="tear(org.testng.ITestResult)[pri:0, instance:TestRunner.RunTest@65b3f4a4]" started-at="2020-11-22T12:00:18 IST" name="tear" finished-at="2020-11-22T12:00:19 IST" duration-ms="774" status="PASS">
          <params>
            <param index="0">
              <value>
                <![CDATA[[TestResult name=assert_product status=SUCCESS method=RunTest.assert_product()[pri:0, instance:TestRunner.RunTest@65b3f4a4] output={null}]]]>
              </value>
            </param>
          </params>
          <reporter-output>
          </reporter-output>
        </test-method> <!-- tear -->
        <test-method is-config="true" signature="lunchbrowser()[pri:0, instance:TestRunner.RunTest@65b3f4a4]" started-at="2020-11-22T12:00:19 IST" name="lunchbrowser" finished-at="2020-11-22T12:00:23 IST" duration-ms="3514" status="PASS">
          <reporter-output>
          </reporter-output>
        </test-method> <!-- lunchbrowser -->
        <test-method signature="assertionofblouseitems()[pri:0, instance:TestRunner.RunTest@65b3f4a4]" started-at="2020-11-22T12:00:23 IST" name="assertionofblouseitems" finished-at="2020-11-22T12:00:42 IST" duration-ms="19725" status="PASS">
          <reporter-output>
          </reporter-output>
        </test-method> <!-- assertionofblouseitems -->
        <test-method is-config="true" signature="tear(org.testng.ITestResult)[pri:0, instance:TestRunner.RunTest@65b3f4a4]" started-at="2020-11-22T12:00:42 IST" name="tear" finished-at="2020-11-22T12:00:43 IST" duration-ms="696" status="PASS">
          <params>
            <param index="0">
              <value>
                <![CDATA[[TestResult name=assertionofblouseitems status=SUCCESS method=RunTest.assertionofblouseitems()[pri:0, instance:TestRunner.RunTest@65b3f4a4] output={null}]]]>
              </value>
            </param>
          </params>
          <reporter-output>
          </reporter-output>
        </test-method> <!-- tear -->
        <test-method is-config="true" signature="lunchbrowser()[pri:0, instance:TestRunner.RunTest@65b3f4a4]" started-at="2020-11-22T12:00:43 IST" name="lunchbrowser" finished-at="2020-11-22T12:00:46 IST" duration-ms="3262" status="PASS">
          <reporter-output>
          </reporter-output>
        </test-method> <!-- lunchbrowser -->
        <test-method signature="click_on_women_tab()[pri:0, instance:TestRunner.RunTest@65b3f4a4]" started-at="2020-11-22T12:00:46 IST" name="click_on_women_tab" finished-at="2020-11-22T12:01:06 IST" duration-ms="19130" status="PASS">
          <reporter-output>
          </reporter-output>
        </test-method> <!-- click_on_women_tab -->
        <test-method is-config="true" signature="tear(org.testng.ITestResult)[pri:0, instance:TestRunner.RunTest@65b3f4a4]" started-at="2020-11-22T12:01:06 IST" name="tear" finished-at="2020-11-22T12:01:06 IST" duration-ms="736" status="PASS">
          <params>
            <param index="0">
              <value>
                <![CDATA[[TestResult name=click_on_women_tab status=SUCCESS method=RunTest.click_on_women_tab()[pri:0, instance:TestRunner.RunTest@65b3f4a4] output={null}]]]>
              </value>
            </param>
          </params>
          <reporter-output>
          </reporter-output>
        </test-method> <!-- tear -->
        <test-method is-config="true" signature="lunchbrowser()[pri:0, instance:TestRunner.RunTest@65b3f4a4]" started-at="2020-11-22T12:01:06 IST" name="lunchbrowser" finished-at="2020-11-22T12:01:09 IST" duration-ms="3216" status="PASS">
          <reporter-output>
          </reporter-output>
        </test-method> <!-- lunchbrowser -->
        <test-method signature="launchwebsite()[pri:1, instance:TestRunner.RunTest@65b3f4a4]" started-at="2020-11-22T12:01:09 IST" name="launchwebsite" finished-at="2020-11-22T12:01:34 IST" duration-ms="24971" status="PASS">
          <reporter-output>
          </reporter-output>
        </test-method> <!-- launchwebsite -->
        <test-method is-config="true" signature="tear(org.testng.ITestResult)[pri:0, instance:TestRunner.RunTest@65b3f4a4]" started-at="2020-11-22T12:01:34 IST" name="tear" finished-at="2020-11-22T12:01:35 IST" duration-ms="707" status="PASS">
          <params>
            <param index="0">
              <value>
                <![CDATA[[TestResult name=launchwebsite status=SUCCESS method=RunTest.launchwebsite()[pri:1, instance:TestRunner.RunTest@65b3f4a4] output={null}]]]>
              </value>
            </param>
          </params>
          <reporter-output>
          </reporter-output>
        </test-method> <!-- tear -->
        <test-method is-config="true" signature="lunchbrowser()[pri:0, instance:TestRunner.RunTest@65b3f4a4]" started-at="2020-11-22T12:01:35 IST" name="lunchbrowser" finished-at="2020-11-22T12:01:39 IST" duration-ms="3366" status="PASS">
          <reporter-output>
          </reporter-output>
        </test-method> <!-- lunchbrowser -->
        <test-method signature="verify_tabs_text()[pri:2, instance:TestRunner.RunTest@65b3f4a4]" started-at="2020-11-22T12:01:39 IST" name="verify_tabs_text" finished-at="2020-11-22T12:01:52 IST" duration-ms="13167" status="PASS">
          <reporter-output>
          </reporter-output>
        </test-method> <!-- verify_tabs_text -->
        <test-method is-config="true" signature="tear(org.testng.ITestResult)[pri:0, instance:TestRunner.RunTest@65b3f4a4]" started-at="2020-11-22T12:01:52 IST" name="tear" finished-at="2020-11-22T12:01:52 IST" duration-ms="631" status="PASS">
          <params>
            <param index="0">
              <value>
                <![CDATA[[TestResult name=verify_tabs_text status=SUCCESS method=RunTest.verify_tabs_text()[pri:2, instance:TestRunner.RunTest@65b3f4a4] output={null}]]]>
              </value>
            </param>
          </params>
          <reporter-output>
          </reporter-output>
        </test-method> <!-- tear -->
        <test-method is-config="true" signature="endTest()[pri:0, instance:TestRunner.RunTest@65b3f4a4]" started-at="2020-11-22T12:01:52 IST" name="endTest" finished-at="2020-11-22T12:01:53 IST" duration-ms="254" status="PASS">
          <reporter-output>
          </reporter-output>
        </test-method> <!-- endTest -->
      </class> <!-- TestRunner.RunTest -->
    </test> <!-- Default test -->
  </suite> <!-- Default suite -->
</testng-results>
